<?xml version="1.0" encoding="UTF-8"?>
<!-- Generated by org.testng.reporters.JUnitReportReporter -->
<testsuite skipped="0" hostname="Manish" name="com.basepackage.BaseTestClass" tests="1" failures="0" timestamp="12 Jul 2020 23:36:19 GMT" time="0.005" errors="0">
  <testcase name="testmethod" time="0.005" classname="com.basepackage.BaseTestClass"/>
</testsuite> <!-- com.basepackage.BaseTestClass -->
